{"ts":1721226275843,"action":"PROJECT_OPENED","tags":{"PROJECT_NAME":"SmartDrive"}}
{"ts":1721226351750,"action":"PROJECT_CLOSED","tags":{"PROJECT_NAME":"SmartDrive"}}
{"ts":1721226383813,"action":"FILE_OPENED","file":"/Server.py","tags":{"FILE_LINE_OF_CODE":"1084"}}
{"ts":1721226387583,"action":"PROJECT_OPENED","tags":{"PROJECT_NAME":"SmartDrive"}}
{"ts":1721226535478,"action":"IDE_DEACTIVATED"}
{"ts":1721226542156,"action":"IDE_ACTIVATED"}
{"ts":1721226548455,"action":"FILE_CLOSED","file":"/Server.py","tags":{"FILE_LINE_OF_CODE":"1084"}}
{"ts":1721226548455,"action":"FILE_OPENED","file":"/TestDrive-old.py","tags":{"FILE_LINE_OF_CODE":"124"}}
{"ts":1721226564743,"action":"FILE_CLOSED","file":"/TestDrive-old.py","tags":{"FILE_LINE_OF_CODE":"124"}}
{"ts":1721226564743,"action":"FILE_OPENED","file":"/prova.py","tags":{"FILE_LINE_OF_CODE":"34"}}
{"ts":1721226582230,"action":"FILE_OPENED","file":"/Classification.py","tags":{"FILE_LINE_OF_CODE":"100"}}
{"ts":1721226588660,"action":"IDE_DEACTIVATED"}
{"ts":1721226623512,"action":"IDE_ACTIVATED"}
{"ts":1721226653445,"action":"IDE_DEACTIVATED"}
{"ts":1721226732276,"action":"IDE_ACTIVATED"}
{"ts":1721226770145,"action":"IDE_DEACTIVATED"}
{"ts":1721226776144,"action":"IDE_ACTIVATED"}
{"ts":1721226781289,"action":"IDE_DEACTIVATED"}
{"ts":1721226807722,"action":"IDE_ACTIVATED"}
{"ts":1721226809706,"action":"IDE_DEACTIVATED"}
{"ts":1721226818632,"action":"IDE_ACTIVATED"}
{"ts":1721226859187,"action":"IDE_DEACTIVATED"}
{"ts":1721226897028,"action":"IDE_ACTIVATED"}
{"ts":1721226901742,"action":"IDE_DEACTIVATED"}
{"ts":1721226960971,"action":"IDE_ACTIVATED"}
{"ts":1721227052541,"action":"IDE_DEACTIVATED"}
{"ts":1721227067037,"action":"IDE_ACTIVATED"}
{"ts":1721227090181,"action":"IDE_DEACTIVATED"}
{"ts":1721227111215,"action":"IDE_ACTIVATED"}
{"ts":1721227190754,"action":"PROJECT_CLOSED","tags":{"PROJECT_NAME":"SmartDrive"}}
{"ts":1721227205311,"action":"FILE_OPENED","file":"/Classification.py","tags":{"FILE_LINE_OF_CODE":"100"}}
{"ts":1721227206380,"action":"PROJECT_OPENED","tags":{"PROJECT_NAME":"SmartDrive"}}
{"ts":1721227245420,"action":"IDE_DEACTIVATED"}
{"ts":1721227261095,"action":"IDE_ACTIVATED"}
{"ts":1721227287992,"action":"IDE_DEACTIVATED"}
{"ts":1721229459821,"action":"IDE_ACTIVATED"}
{"ts":1721229469179,"action":"IDE_DEACTIVATED"}
{"ts":1721230077902,"action":"IDE_ACTIVATED"}
{"ts":1721230080643,"action":"IDE_DEACTIVATED"}
{"ts":1721236105117,"action":"IDE_ACTIVATED"}
{"ts":1721236218829,"action":"PROJECT_CLOSED","tags":{"PROJECT_NAME":"SmartDrive"}}
{"ts":1721236237870,"action":"FILE_OPENED","file":"/Classification.py","tags":{"FILE_LINE_OF_CODE":"100"}}
{"ts":1721236242995,"action":"PROJECT_OPENED","tags":{"PROJECT_NAME":"SmartDrive"}}
